<?xml version="1.0" encoding="UTF-8"?>
<!-- Generated by org.testng.reporters.JUnitReportReporter -->
<testsuite hostname="LAPTOP-GL39NB98" failures="0" tests="1" name="Alerts" time="8.528" errors="0" timestamp="2022-02-12T23:41:20 IST" skipped="0">
  <testcase classname="Alerts" name="alert" time="8.528"/>
  <system-out/>
</testsuite> <!-- Alerts -->
