<?xml version="1.0" encoding="UTF-8"?>
<!-- Generated by org.testng.reporters.JUnitReportReporter -->
<testsuite hostname="LAPTOP-GL39NB98" failures="0" tests="1" name="WindowsHandle" time="42.578" errors="0" timestamp="2022-02-10T11:21:53 IST" skipped="0">
  <testcase classname="WindowsHandle" name="windowhandle" time="42.578"/>
  <system-out/>
</testsuite> <!-- WindowsHandle -->
