<?xml version="1.0" encoding="UTF-8"?>
<!-- Generated by org.testng.reporters.JUnitReportReporter -->
<testsuite hostname="LAPTOP-GL39NB98" failures="0" tests="2" name="Test01_GET" time="3.816" errors="0" timestamp="2022-02-02T11:40:08 IST" skipped="0">
  <testcase classname="Test01_GET" name="test_02" time="1.248"/>
  <system-out/>
  <testcase classname="Test01_GET" name="test_01" time="2.568"/>
  <system-out/>
</testsuite> <!-- Test01_GET -->
